<?xml version="1.0" encoding="UTF-8"?>
<testng-results skipped="0" failed="0" ignored="0" total="1" passed="1">
  <reporter-output>
  </reporter-output>
  <suite name="Default suite" duration-ms="39850" started-at="2020-06-04T11:35:07Z" finished-at="2020-06-04T11:35:47Z">
    <groups>
    </groups>
    <test name="Default test" duration-ms="39850" started-at="2020-06-04T11:35:07Z" finished-at="2020-06-04T11:35:47Z">
      <class name="testcases.VerifyLoginPageWithReportAndScreenshot">
        <test-method status="PASS" signature="setup()[pri:0, instance:testcases.VerifyLoginPageWithReportAndScreenshot@5b275dab]" name="setup" is-config="true" duration-ms="21383" started-at="2020-06-04T17:05:07Z" finished-at="2020-06-04T17:05:29Z">
          <reporter-output>
          </reporter-output>
        </test-method> <!-- setup -->
        <test-method status="PASS" signature="testLoginPage()[pri:0, instance:testcases.VerifyLoginPageWithReportAndScreenshot@5b275dab]" name="testLoginPage" duration-ms="13573" started-at="2020-06-04T17:05:29Z" finished-at="2020-06-04T17:05:42Z">
          <reporter-output>
          </reporter-output>
        </test-method> <!-- testLoginPage -->
        <test-method status="PASS" signature="teardown(org.testng.ITestResult)[pri:0, instance:testcases.VerifyLoginPageWithReportAndScreenshot@5b275dab]" name="teardown" is-config="true" duration-ms="4835" started-at="2020-06-04T17:05:42Z" finished-at="2020-06-04T17:05:47Z">
          <params>
            <param index="0">
              <value>
                <![CDATA[[TestResult name=testLoginPage status=SUCCESS method=VerifyLoginPageWithReportAndScreenshot.testLoginPage()[pri:0, instance:testcases.VerifyLoginPageWithReportAndScreenshot@5b275dab] output={null}]]]>
              </value>
            </param>
          </params>
          <reporter-output>
          </reporter-output>
        </test-method> <!-- teardown -->
      </class> <!-- testcases.VerifyLoginPageWithReportAndScreenshot -->
    </test> <!-- Default test -->
  </suite> <!-- Default suite -->
</testng-results>
