<?xml version="1.0" encoding="UTF-8"?>
<testng-results skipped="0" failed="0" ignored="0" total="5" passed="5">
  <reporter-output>
  </reporter-output>
  <suite name="Regression_testng_Suite" duration-ms="101209" started-at="2020-06-06T02:12:16 IST" finished-at="2020-06-06T02:13:57 IST">
    <groups>
    </groups>
    <test name="Regression_testng_Test" duration-ms="101209" started-at="2020-06-06T02:12:16 IST" finished-at="2020-06-06T02:13:57 IST">
      <class name="testcases.VerifyWomenPage">
        <test-method status="PASS" signature="setup()[pri:0, instance:testcases.VerifyWomenPage@a3ffec]" name="setup" is-config="true" duration-ms="12418" started-at="2020-06-06T02:13:01 IST" finished-at="2020-06-06T02:13:13 IST">
          <reporter-output>
          </reporter-output>
        </test-method> <!-- setup -->
        <test-method status="PASS" signature="testWomenPage()[pri:0, instance:testcases.VerifyWomenPage@a3ffec]" name="testWomenPage" duration-ms="9089" started-at="2020-06-06T02:13:13 IST" finished-at="2020-06-06T02:13:22 IST">
          <reporter-output>
          </reporter-output>
        </test-method> <!-- testWomenPage -->
        <test-method status="PASS" signature="teardown()[pri:0, instance:testcases.VerifyWomenPage@a3ffec]" name="teardown" is-config="true" duration-ms="1154" started-at="2020-06-06T02:13:22 IST" finished-at="2020-06-06T02:13:23 IST">
          <reporter-output>
          </reporter-output>
        </test-method> <!-- teardown -->
      </class> <!-- testcases.VerifyWomenPage -->
      <class name="testcases.VerifyLoginPageWithExtentReport">
        <test-method status="PASS" signature="setup()[pri:0, instance:testcases.VerifyLoginPageWithExtentReport@1caeb3e]" name="setup" is-config="true" duration-ms="13326" started-at="2020-06-06T02:13:23 IST" finished-at="2020-06-06T02:13:37 IST">
          <reporter-output>
          </reporter-output>
        </test-method> <!-- setup -->
        <test-method status="PASS" signature="testLoginPage()[pri:0, instance:testcases.VerifyLoginPageWithExtentReport@1caeb3e]" name="testLoginPage" duration-ms="6078" started-at="2020-06-06T02:13:37 IST" finished-at="2020-06-06T02:13:43 IST">
          <reporter-output>
          </reporter-output>
        </test-method> <!-- testLoginPage -->
        <test-method status="PASS" signature="teardown()[pri:0, instance:testcases.VerifyLoginPageWithExtentReport@1caeb3e]" name="teardown" is-config="true" duration-ms="1576" started-at="2020-06-06T02:13:43 IST" finished-at="2020-06-06T02:13:44 IST">
          <reporter-output>
          </reporter-output>
        </test-method> <!-- teardown -->
      </class> <!-- testcases.VerifyLoginPageWithExtentReport -->
      <class name="testcases.VerifyLoginPageWithReportAndScreenshot">
        <test-method status="PASS" signature="setup()[pri:0, instance:testcases.VerifyLoginPageWithReportAndScreenshot@6fa38a]" name="setup" is-config="true" duration-ms="12916" started-at="2020-06-06T02:12:39 IST" finished-at="2020-06-06T02:12:52 IST">
          <reporter-output>
          </reporter-output>
        </test-method> <!-- setup -->
        <test-method status="PASS" signature="testLoginPage()[pri:0, instance:testcases.VerifyLoginPageWithReportAndScreenshot@6fa38a]" name="testLoginPage" duration-ms="7281" started-at="2020-06-06T02:12:52 IST" finished-at="2020-06-06T02:12:59 IST">
          <reporter-output>
          </reporter-output>
        </test-method> <!-- testLoginPage -->
        <test-method status="PASS" signature="teardown(org.testng.ITestResult)[pri:0, instance:testcases.VerifyLoginPageWithReportAndScreenshot@6fa38a]" name="teardown" is-config="true" duration-ms="1654" started-at="2020-06-06T02:12:59 IST" finished-at="2020-06-06T02:13:01 IST">
          <params>
            <param index="0">
              <value>
                <![CDATA[[TestResult name=testLoginPage status=SUCCESS method=VerifyLoginPageWithReportAndScreenshot.testLoginPage()[pri:0, instance:testcases.VerifyLoginPageWithReportAndScreenshot@6fa38a] output={null}]]]>
              </value>
            </param>
          </params>
          <reporter-output>
          </reporter-output>
        </test-method> <!-- teardown -->
      </class> <!-- testcases.VerifyLoginPageWithReportAndScreenshot -->
      <class name="testcases.VerifyHomePage">
        <test-method status="PASS" signature="setup()[pri:0, instance:testcases.VerifyHomePage@1e88b3c]" name="setup" is-config="true" duration-ms="11960" started-at="2020-06-06T02:13:44 IST" finished-at="2020-06-06T02:13:56 IST">
          <reporter-output>
          </reporter-output>
        </test-method> <!-- setup -->
        <test-method status="PASS" signature="testHomePage()[pri:0, instance:testcases.VerifyHomePage@1e88b3c]" name="testHomePage" duration-ms="62" started-at="2020-06-06T02:13:56 IST" finished-at="2020-06-06T02:13:56 IST">
          <reporter-output>
          </reporter-output>
        </test-method> <!-- testHomePage -->
        <test-method status="PASS" signature="teardown()[pri:0, instance:testcases.VerifyHomePage@1e88b3c]" name="teardown" is-config="true" duration-ms="1016" started-at="2020-06-06T02:13:56 IST" finished-at="2020-06-06T02:13:57 IST">
          <reporter-output>
          </reporter-output>
        </test-method> <!-- teardown -->
      </class> <!-- testcases.VerifyHomePage -->
      <class name="testcases.VerifyLoginPage">
        <test-method status="PASS" signature="setup()[pri:0, instance:testcases.VerifyLoginPage@1c62251]" name="setup" is-config="true" duration-ms="13797" started-at="2020-06-06T02:12:16 IST" finished-at="2020-06-06T02:12:30 IST">
          <reporter-output>
          </reporter-output>
        </test-method> <!-- setup -->
        <test-method status="PASS" signature="testLoginPage()[pri:0, instance:testcases.VerifyLoginPage@1c62251]" name="testLoginPage" duration-ms="7654" started-at="2020-06-06T02:12:30 IST" finished-at="2020-06-06T02:12:38 IST">
          <reporter-output>
          </reporter-output>
        </test-method> <!-- testLoginPage -->
        <test-method status="PASS" signature="teardown()[pri:0, instance:testcases.VerifyLoginPage@1c62251]" name="teardown" is-config="true" duration-ms="1163" started-at="2020-06-06T02:12:38 IST" finished-at="2020-06-06T02:12:39 IST">
          <reporter-output>
          </reporter-output>
        </test-method> <!-- teardown -->
      </class> <!-- testcases.VerifyLoginPage -->
    </test> <!-- Regression_testng_Test -->
  </suite> <!-- Regression_testng_Suite -->
</testng-results>
