<?xml version="1.0" encoding="UTF-8"?>
<!-- Generated by org.testng.reporters.JUnitXMLReporter -->
<testsuite hostname="idea-PC" ignored="0" name="Regression_testng_Test" tests="5" failures="0" timestamp="2020-06-06T02:13:58 IST" time="101.209" errors="0">
  <testcase name="testLoginPage" time="7.654" classname="testcases.VerifyLoginPage"/>
  <testcase name="testLoginPage" time="7.281" classname="testcases.VerifyLoginPageWithReportAndScreenshot"/>
  <testcase name="testWomenPage" time="9.089" classname="testcases.VerifyWomenPage"/>
  <testcase name="testLoginPage" time="6.078" classname="testcases.VerifyLoginPageWithExtentReport"/>
  <testcase name="testHomePage" time="0.062" classname="testcases.VerifyHomePage"/>
</testsuite> <!-- Regression_testng_Test -->
