<?xml version="1.0" encoding="UTF-8"?>
<!-- Generated by org.testng.reporters.JUnitXMLReporter -->
<testsuite hostname="idea-PC" ignored="0" name="Regression_testng_Test" tests="5" failures="0" timestamp="05 Jun 2020 20:41:24 GMT" time="104.287" errors="0">
  <testcase name="testLoginPage" time="8.523" classname="testcases.VerifyLoginPage"/>
  <testcase name="testLoginPage" time="5.899" classname="testcases.VerifyLoginPageWithReportAndScreenshot"/>
  <testcase name="testWomenPage" time="9.329" classname="testcases.VerifyWomenPage"/>
  <testcase name="testLoginPage" time="6.426" classname="testcases.VerifyLoginPageWithExtentReport"/>
  <testcase name="testHomePage" time="0.026" classname="testcases.VerifyHomePage"/>
</testsuite> <!-- Regression_testng_Test -->
